C:\USERS\BRYAN\DOCUMENTS\GITHUB\CONSOLEOTHELLO\HW 4\HW 4\DEBUG\SOURCE.OBJ
C:\USERS\BRYAN\DOCUMENTS\GITHUB\CONSOLEOTHELLO\HW 4\HW 4\DEBUG\VC110.PDB
C:\USERS\BRYAN\DOCUMENTS\GITHUB\CONSOLEOTHELLO\HW 4\DEBUG\HW 4.ILK
C:\USERS\BRYAN\DOCUMENTS\GITHUB\CONSOLEOTHELLO\HW 4\DEBUG\HW 4.EXE
C:\USERS\BRYAN\DOCUMENTS\GITHUB\CONSOLEOTHELLO\HW 4\DEBUG\HW 4.PDB
C:\Users\Bryan\Documents\GitHub\ConsoleOthello\hw 4\hw 4\Debug\Source.obj
C:\Users\Bryan\Documents\GitHub\ConsoleOthello\hw 4\hw 4\Debug\cl.command.1.tlog
C:\Users\Bryan\Documents\GitHub\ConsoleOthello\hw 4\hw 4\Debug\CL.read.1.tlog
C:\Users\Bryan\Documents\GitHub\ConsoleOthello\hw 4\hw 4\Debug\CL.write.1.tlog
C:\Users\Bryan\Documents\GitHub\ConsoleOthello\hw 4\hw 4\Debug\link-cvtres.read.1.tlog
C:\Users\Bryan\Documents\GitHub\ConsoleOthello\hw 4\hw 4\Debug\link-cvtres.write.1.tlog
C:\Users\Bryan\Documents\GitHub\ConsoleOthello\hw 4\hw 4\Debug\link-rc.read.1.tlog
C:\Users\Bryan\Documents\GitHub\ConsoleOthello\hw 4\hw 4\Debug\link-rc.write.1.tlog
C:\Users\Bryan\Documents\GitHub\ConsoleOthello\hw 4\hw 4\Debug\link.command.1.tlog
C:\Users\Bryan\Documents\GitHub\ConsoleOthello\hw 4\hw 4\Debug\link.read.1.tlog
C:\Users\Bryan\Documents\GitHub\ConsoleOthello\hw 4\hw 4\Debug\link.write.1.tlog
C:\Users\Bryan\Documents\GitHub\ConsoleOthello\hw 4\hw 4\Debug\vc110.idb
C:\Users\Bryan\Documents\GitHub\ConsoleOthello\hw 4\hw 4\Debug\vc110.pdb
C:\Users\Bryan\Documents\GitHub\ConsoleOthello\hw 4\Debug\hw 4.pdb
C:\Users\Bryan\Documents\GitHub\ConsoleOthello\hw 4\Debug\hw 4.exe
C:\Users\Bryan\Documents\GitHub\ConsoleOthello\hw 4\Debug\hw 4.ilk
